Using pre-set license
Built from '2020.3/release' branch; Version is '2020.3.12f1 (b3b2c6512326) revision 11776710'; Using compiler version '192528614'; Build Type 'Release'
OS: 'Windows 10 Home Single Language; OS build 19042.1052; Version 2009; 64bit' Language: 'es' Physical Memory: 6020 MB
BatchMode: 1, IsHumanControllingUs: 0, StartBugReporterOnCrash: 0, Is64bit: 1, IsPro: 0

 COMMAND LINE ARGUMENTS:
C:\Program Files\Unity\Hub\Editor\2020.3.12f1\Editor\Unity.exe
-adb2
-batchMode
-noUpm
-name
AssetImportWorker0
-projectPath
C:/Users/David/OneDrive/Documentos/Unity/Roguelike Prototype
-logFile
Logs/AssetImportWorker0.log
-srvPort
54128
Successfully changed project path to: C:/Users/David/OneDrive/Documentos/Unity/Roguelike Prototype
C:/Users/David/OneDrive/Documentos/Unity/Roguelike Prototype
Using Asset Import Pipeline V2.
Refreshing native plugins compatible for Editor in 116.71 ms, found 3 plugins.
Preloading 0 native plugins for Editor in 0.00 ms.
Initialize engine version: 2020.3.12f1 (b3b2c6512326)
[Subsystems] Discovering subsystems at path C:/Program Files/Unity/Hub/Editor/2020.3.12f1/Editor/Data/Resources/UnitySubsystems
[Subsystems] Discovering subsystems at path C:/Users/David/OneDrive/Documentos/Unity/Roguelike Prototype/Assets
GfxDevice: creating device client; threaded=0
Direct3D:
    Version:  Direct3D 11.0 [level 11.1]
    Renderer: AMD Radeon(TM) Vega 8 Graphics (ID=0x15d8)
    Vendor:   
    VRAM:     3010 MB
    Driver:   27.20.11028.10001
Initialize mono
Mono path[0] = 'C:/Program Files/Unity/Hub/Editor/2020.3.12f1/Editor/Data/Managed'
Mono path[1] = 'C:/Program Files/Unity/Hub/Editor/2020.3.12f1/Editor/Data/MonoBleedingEdge/lib/mono/unityjit'
Mono config path = 'C:/Program Files/Unity/Hub/Editor/2020.3.12f1/Editor/Data/MonoBleedingEdge/etc'
Using monoOptions --debugger-agent=transport=dt_socket,embedding=1,server=y,suspend=n,address=127.0.0.1:56260
Begin MonoManager ReloadAssembly
Registering precompiled unity dll's ...
Register platform support module: C:/Program Files/Unity/Hub/Editor/2020.3.12f1/Editor/Data/PlaybackEngines/WebGLSupport/UnityEditor.WebGL.Extensions.dll
Register platform support module: C:/Program Files/Unity/Hub/Editor/2020.3.12f1/Editor/Data/PlaybackEngines/WindowsStandaloneSupport/UnityEditor.WindowsStandalone.Extensions.dll
Registered in 0.006425 seconds.
Native extension for WindowsStandalone target not found
Native extension for WebGL target not found
Refreshing native plugins compatible for Editor in 72.66 ms, found 3 plugins.
Preloading 0 native plugins for Editor in 0.00 ms.
Mono: successfully reloaded assembly
- Completed reload, in  3.271 seconds
Platform modules already initialized, skipping
Registering precompiled user dll's ...
Registered in 0.019795 seconds.
Begin MonoManager ReloadAssembly
Native extension for WindowsStandalone target not found
Native extension for WebGL target not found
Refreshing native plugins compatible for Editor in 69.25 ms, found 3 plugins.
Preloading 0 native plugins for Editor in 0.00 ms.
Mono: successfully reloaded assembly
- Completed reload, in  2.058 seconds
Platform modules already initialized, skipping
========================================================================
Worker process is ready to serve import requests
Launched and connected shader compiler UnityShaderCompiler.exe after 0.09 seconds
Refreshing native plugins compatible for Editor in 0.82 ms, found 3 plugins.
Preloading 0 native plugins for Editor in 0.00 ms.
Unloading 2706 Unused Serialized files (Serialized files now loaded: 0)
System memory in use before: 114.4 MB.
System memory in use after: 114.4 MB.

Unloading 35 unused Assets to reduce memory usage. Loaded Objects now: 3141.
Total: 4.165900 ms (FindLiveObjects: 0.400000 ms CreateObjectMapping: 0.134400 ms MarkObjects: 3.437600 ms  DeleteObjects: 0.191500 ms)

AssetImportParameters requested are different than current active one (requested -> active):
  custom:framework-win-MediaFoundation: 216162199b28c13a410421893ffa2e32 -> 
  custom:video-decoder-ogg-theora: a1e56fd34408186e4bbccfd4996cb3dc -> 
  custom:container-muxer-webm: aa71ff27fc2769a1b78a27578f13a17b -> 
  custom:container-demuxer-webm: 4f35f7cbe854078d1ac9338744f61a02 -> 
  custom:container-demuxer-ogg: 62fdf1f143b41e24485cea50d1cbac27 -> 
  custom:video-encoder-webm-vp8: eb34c28f22e8b96e1ab97ce403110664 -> 
  custom:video-codec-MediaFoundation-h265: 746d11721c4dcdbdad8f713fa42b33f4 -> 
  custom:video-decoder-webm-vp8: 9c59270c3fd7afecdb556c50c9e8de78 -> 
  custom:audio-decoder-ogg-vorbis: bf7c407c2cedff20999df2af8eb42d56 -> 
  custom:audio-encoder-webm-vorbis: bf7c407c2cedff20999df2af8eb42d56 -> 
========================================================================
Received Import Request.
  path: Assets/Game/Pistol.asset
  artifactKey: Guid(f0acc83a0ba1b6540b33fe075e9412b0) Importer(815301076,1909f56bfc062723c751e8b465ee728b)
Start importing Assets/Game/Pistol.asset using Guid(f0acc83a0ba1b6540b33fe075e9412b0) Importer(815301076,1909f56bfc062723c751e8b465ee728b)  -> (artifact id: '1a7c131020b5308acc9cf16705664210') in 0.083237 seconds 
  Import took 0.092630 seconds .

========================================================================
Received Import Request.
  Time since last request: 0.000674 seconds.
  path: Assets/Game/Shotgun.asset
  artifactKey: Guid(8fc39a7e32a4eaf4c8f07b929a8e380e) Importer(815301076,1909f56bfc062723c751e8b465ee728b)
Start importing Assets/Game/Shotgun.asset using Guid(8fc39a7e32a4eaf4c8f07b929a8e380e) Importer(815301076,1909f56bfc062723c751e8b465ee728b)  -> (artifact id: '8c136c05695ffb4ff4fb3364199a7b70') in 0.020451 seconds 
  Import took 0.029927 seconds .

========================================================================
Received Import Request.
  Time since last request: 24.470076 seconds.
  path: Assets/173126__replix__death-sound-male.wav
  artifactKey: Guid(8182311f0badf52468024d0af9fe3ac4) Importer(815301076,1909f56bfc062723c751e8b465ee728b)
Start importing Assets/173126__replix__death-sound-male.wav using Guid(8182311f0badf52468024d0af9fe3ac4) Importer(815301076,1909f56bfc062723c751e8b465ee728b)  -> (artifact id: '3cc7fb062e4d41920146f0e9ac823023') in 1.956245 seconds 
  Import took 1.995162 seconds .

========================================================================
Received Import Request.
  Time since last request: 0.000457 seconds.
  path: Assets/336934__the-sacha-rush__coin7.wav
  artifactKey: Guid(fba5db97a55149340b779a6516ee008b) Importer(815301076,1909f56bfc062723c751e8b465ee728b)
Start importing Assets/336934__the-sacha-rush__coin7.wav using Guid(fba5db97a55149340b779a6516ee008b) Importer(815301076,1909f56bfc062723c751e8b465ee728b)  -> (artifact id: '8ef84c081264069d6f9a09b3a5a9f8c1') in 0.220717 seconds 
  Import took 0.244313 seconds .

========================================================================
Received Import Request.
  Time since last request: 0.000475 seconds.
  path: Assets/421876__sventhors__ouch-2.wav
  artifactKey: Guid(00741c8995594ee44a19edb406caf062) Importer(815301076,1909f56bfc062723c751e8b465ee728b)
Start importing Assets/421876__sventhors__ouch-2.wav using Guid(00741c8995594ee44a19edb406caf062) Importer(815301076,1909f56bfc062723c751e8b465ee728b)  -> (artifact id: 'fa9eb3ff3fa901446bfb7b1d2c707666') in 0.104369 seconds 
  Import took 0.154771 seconds .

========================================================================
Received Import Request.
  Time since last request: 2.077279 seconds.
  path: Assets/HealthUI.cs
  artifactKey: Guid(ce646028b9770c94faec0a957a7b193b) Importer(815301076,1909f56bfc062723c751e8b465ee728b)
Start importing Assets/HealthUI.cs using Guid(ce646028b9770c94faec0a957a7b193b) Importer(815301076,1909f56bfc062723c751e8b465ee728b)  -> (artifact id: '4b1994d447c94a07d872cd46a0cefc0b') in 0.075937 seconds 
  Import took 0.093240 seconds .

========================================================================
Received Import Request.
  Time since last request: 52.306986 seconds.
  path: Assets/Scripts/CustomEditor.cs
  artifactKey: Guid(b0e90188fd659b34e8e734d23d5d3bd9) Importer(815301076,1909f56bfc062723c751e8b465ee728b)
Start importing Assets/Scripts/CustomEditor.cs using Guid(b0e90188fd659b34e8e734d23d5d3bd9) Importer(815301076,1909f56bfc062723c751e8b465ee728b)  -> (artifact id: '875eaa0005f16e630021f97684b03692') in 0.020146 seconds 
  Import took 0.030231 seconds .

========================================================================
Received Import Request.
  Time since last request: 0.003450 seconds.
  path: Assets/Scripts/CustomEditor.cs
  artifactKey: Guid(b0e90188fd659b34e8e734d23d5d3bd9) Importer(815301076,1909f56bfc062723c751e8b465ee728b)
Start importing Assets/Scripts/CustomEditor.cs using Guid(b0e90188fd659b34e8e734d23d5d3bd9) Importer(815301076,1909f56bfc062723c751e8b465ee728b)  -> (artifact id: '875eaa0005f16e630021f97684b03692') in 0.015987 seconds 
  Import took 0.028404 seconds .

========================================================================
Received Import Request.
  Time since last request: 32.021310 seconds.
  path: Assets/Scripts/WeaponInspector.cs
  artifactKey: Guid(e796127886a6bc84fb51b496e45dd02f) Importer(815301076,1909f56bfc062723c751e8b465ee728b)
Start importing Assets/Scripts/WeaponInspector.cs using Guid(e796127886a6bc84fb51b496e45dd02f) Importer(815301076,1909f56bfc062723c751e8b465ee728b)  -> (artifact id: '48d41c21f841cd518c097153f55ae11b') in 0.021779 seconds 
  Import took 0.031016 seconds .

========================================================================
Received Prepare
Registering precompiled user dll's ...
Registered in 0.038221 seconds.
Begin MonoManager ReloadAssembly
Native extension for WindowsStandalone target not found
Native extension for WebGL target not found
Refreshing native plugins compatible for Editor in 0.88 ms, found 3 plugins.
Preloading 0 native plugins for Editor in 0.00 ms.
Mono: successfully reloaded assembly
- Completed reload, in  2.664 seconds
Platform modules already initialized, skipping
Refreshing native plugins compatible for Editor in 1.29 ms, found 3 plugins.
Preloading 0 native plugins for Editor in 0.00 ms.
Unloading 2368 Unused Serialized files (Serialized files now loaded: 0)
System memory in use before: 109.4 MB.
System memory in use after: 109.5 MB.

Unloading 231 unused Assets to reduce memory usage. Loaded Objects now: 2945.
Total: 9.962000 ms (FindLiveObjects: 0.678500 ms CreateObjectMapping: 0.185600 ms MarkObjects: 8.119300 ms  DeleteObjects: 0.974700 ms)

AssetImportParameters requested are different than current active one (requested -> active):
  custom:framework-win-MediaFoundation: 216162199b28c13a410421893ffa2e32 -> 
  custom:video-decoder-ogg-theora: a1e56fd34408186e4bbccfd4996cb3dc -> 
  custom:container-muxer-webm: aa71ff27fc2769a1b78a27578f13a17b -> 
  custom:container-demuxer-webm: 4f35f7cbe854078d1ac9338744f61a02 -> 
  custom:container-demuxer-ogg: 62fdf1f143b41e24485cea50d1cbac27 -> 
  custom:video-encoder-webm-vp8: eb34c28f22e8b96e1ab97ce403110664 -> 
  custom:video-codec-MediaFoundation-h265: 746d11721c4dcdbdad8f713fa42b33f4 -> 
  custom:video-decoder-webm-vp8: 9c59270c3fd7afecdb556c50c9e8de78 -> 
  custom:audio-decoder-ogg-vorbis: bf7c407c2cedff20999df2af8eb42d56 -> 
  custom:audio-encoder-webm-vorbis: bf7c407c2cedff20999df2af8eb42d56 -> 
========================================================================
Received Import Request.
  Time since last request: 291.221506 seconds.
  path: Assets/Scenes/Game.unity
  artifactKey: Guid(2cda990e2423bbf4892e6590ba056729) Importer(815301076,1909f56bfc062723c751e8b465ee728b)
Start importing Assets/Scenes/Game.unity using Guid(2cda990e2423bbf4892e6590ba056729) Importer(815301076,1909f56bfc062723c751e8b465ee728b)  -> (artifact id: '3ca731181253acf8c564089eeb19f2c1') in 0.107602 seconds 
  Import took 0.180585 seconds .

========================================================================
Received Import Request.
  Time since last request: 101.739408 seconds.
  path: Assets/Game/Character.prefab
  artifactKey: Guid(2a8bb526239a8654a858e3aebf7c2f2b) Importer(815301076,1909f56bfc062723c751e8b465ee728b)
Start importing Assets/Game/Character.prefab using Guid(2a8bb526239a8654a858e3aebf7c2f2b) Importer(815301076,1909f56bfc062723c751e8b465ee728b)  -> (artifact id: '30127883b53d61b52295f11db91f0475') in 0.164218 seconds 
  Import took 0.172024 seconds .

========================================================================
Received Import Request.
  Time since last request: 0.000342 seconds.
  path: Assets/Game/Enemy.prefab
  artifactKey: Guid(8aaefe5e3f65c28448e7b18a36cb1509) Importer(815301076,1909f56bfc062723c751e8b465ee728b)
Start importing Assets/Game/Enemy.prefab using Guid(8aaefe5e3f65c28448e7b18a36cb1509) Importer(815301076,1909f56bfc062723c751e8b465ee728b)  -> (artifact id: 'c36b4be5eefc524ab125fff79de6f372') in 0.219688 seconds 
  Import took 0.227954 seconds .

========================================================================
Received Import Request.
  Time since last request: 0.000371 seconds.
  path: Assets/Game/Player.prefab
  artifactKey: Guid(43a6e6be6f9d77c4ea08ddc3ce04cdf3) Importer(815301076,1909f56bfc062723c751e8b465ee728b)
Start importing Assets/Game/Player.prefab using Guid(43a6e6be6f9d77c4ea08ddc3ce04cdf3) Importer(815301076,1909f56bfc062723c751e8b465ee728b)  -> (artifact id: '90ebad39e9b1f1287ccd29d3158af684') in 0.037510 seconds 
  Import took 0.045992 seconds .

========================================================================
Received Import Request.
  Time since last request: 0.000416 seconds.
  path: Assets/Game/Enemy 2.prefab
  artifactKey: Guid(1c534b3babff53d41900dfea4c9c578f) Importer(815301076,1909f56bfc062723c751e8b465ee728b)
Start importing Assets/Game/Enemy 2.prefab using Guid(1c534b3babff53d41900dfea4c9c578f) Importer(815301076,1909f56bfc062723c751e8b465ee728b)  -> (artifact id: '45e5f2bef71debb2f6037bcbd2d20fa5') in 0.039211 seconds 
  Import took 0.049655 seconds .

========================================================================
Received Prepare
Registering precompiled user dll's ...
Registered in 0.387575 seconds.
Begin MonoManager ReloadAssembly
Native extension for WindowsStandalone target not found
Native extension for WebGL target not found
Refreshing native plugins compatible for Editor in 0.70 ms, found 3 plugins.
Preloading 0 native plugins for Editor in 0.00 ms.
Mono: successfully reloaded assembly
- Completed reload, in  2.337 seconds
Platform modules already initialized, skipping
Refreshing native plugins compatible for Editor in 0.71 ms, found 3 plugins.
Preloading 0 native plugins for Editor in 0.00 ms.
Unloading 2368 Unused Serialized files (Serialized files now loaded: 0)
System memory in use before: 108.7 MB.
System memory in use after: 108.8 MB.

Unloading 22 unused Assets to reduce memory usage. Loaded Objects now: 2950.
Total: 8.421500 ms (FindLiveObjects: 0.713600 ms CreateObjectMapping: 0.186900 ms MarkObjects: 6.728800 ms  DeleteObjects: 0.788400 ms)

AssetImportParameters requested are different than current active one (requested -> active):
  custom:framework-win-MediaFoundation: 216162199b28c13a410421893ffa2e32 -> 
  custom:video-decoder-ogg-theora: a1e56fd34408186e4bbccfd4996cb3dc -> 
  custom:container-muxer-webm: aa71ff27fc2769a1b78a27578f13a17b -> 
  custom:container-demuxer-webm: 4f35f7cbe854078d1ac9338744f61a02 -> 
  custom:container-demuxer-ogg: 62fdf1f143b41e24485cea50d1cbac27 -> 
  custom:video-encoder-webm-vp8: eb34c28f22e8b96e1ab97ce403110664 -> 
  custom:video-codec-MediaFoundation-h265: 746d11721c4dcdbdad8f713fa42b33f4 -> 
  custom:video-decoder-webm-vp8: 9c59270c3fd7afecdb556c50c9e8de78 -> 
  custom:audio-decoder-ogg-vorbis: bf7c407c2cedff20999df2af8eb42d56 -> 
  custom:audio-encoder-webm-vorbis: bf7c407c2cedff20999df2af8eb42d56 -> 
========================================================================
Received Import Request.
  Time since last request: 398.941094 seconds.
  path: Assets/Game/Circle.prefab
  artifactKey: Guid(040ba2a2294c5ee4282900c372d03a28) Importer(815301076,1909f56bfc062723c751e8b465ee728b)
Start importing Assets/Game/Circle.prefab using Guid(040ba2a2294c5ee4282900c372d03a28) Importer(815301076,1909f56bfc062723c751e8b465ee728b)  -> (artifact id: '337cb519ca23bf2119345a79f1e7c964') in 0.100830 seconds 
  Import took 0.110645 seconds .

========================================================================
Received Import Request.
  Time since last request: 0.000568 seconds.
  path: Assets/Game/Shotgun.prefab
  artifactKey: Guid(2d96a53aa6a3bc04cbf6f87229fc889e) Importer(815301076,1909f56bfc062723c751e8b465ee728b)
Start importing Assets/Game/Shotgun.prefab using Guid(2d96a53aa6a3bc04cbf6f87229fc889e) Importer(815301076,1909f56bfc062723c751e8b465ee728b)  -> (artifact id: 'd1654659bcd1949a97fdf02f56bad02d') in 0.045185 seconds 
  Import took 0.054393 seconds .

========================================================================
Received Import Request.
  Time since last request: 0.000507 seconds.
  path: Assets/Game/Enemy Shotgun.prefab
  artifactKey: Guid(f02e6372d754b6a46943ef470d47a753) Importer(815301076,1909f56bfc062723c751e8b465ee728b)
Start importing Assets/Game/Enemy Shotgun.prefab using Guid(f02e6372d754b6a46943ef470d47a753) Importer(815301076,1909f56bfc062723c751e8b465ee728b)  -> (artifact id: 'c7592f74b9f351126aa3f751b87fe59e') in 0.032987 seconds 
  Import took 0.042664 seconds .

========================================================================
Received Import Request.
  Time since last request: 0.000440 seconds.
  path: Assets/Game/Enemy Shotgun 1.prefab
  artifactKey: Guid(b28007591ee887b49a3c315463a5c831) Importer(815301076,1909f56bfc062723c751e8b465ee728b)
Start importing Assets/Game/Enemy Shotgun 1.prefab using Guid(b28007591ee887b49a3c315463a5c831) Importer(815301076,1909f56bfc062723c751e8b465ee728b)  -> (artifact id: 'bb7dc06836ad7eba5b5e7a428b4ede32') in 0.032374 seconds 
  Import took 0.041769 seconds .

========================================================================
Received Import Request.
  Time since last request: 0.000450 seconds.
  path: Assets/Game/Enemy Pistol.prefab
  artifactKey: Guid(752df14283de8284fb490d9d77b18948) Importer(815301076,1909f56bfc062723c751e8b465ee728b)
Start importing Assets/Game/Enemy Pistol.prefab using Guid(752df14283de8284fb490d9d77b18948) Importer(815301076,1909f56bfc062723c751e8b465ee728b)  -> (artifact id: 'c3160cac52872e5ad238a68feacb4286') in 0.030335 seconds 
  Import took 0.039934 seconds .

========================================================================
Received Import Request.
  Time since last request: 0.000429 seconds.
  path: Assets/Game/Pistol.prefab
  artifactKey: Guid(024f011a88b922341bcd2265c042807c) Importer(815301076,1909f56bfc062723c751e8b465ee728b)
Start importing Assets/Game/Pistol.prefab using Guid(024f011a88b922341bcd2265c042807c) Importer(815301076,1909f56bfc062723c751e8b465ee728b)  -> (artifact id: 'e859811529720a52a27590593a2f9697') in 0.033926 seconds 
  Import took 0.043073 seconds .

========================================================================
Received Import Request.
  Time since last request: 0.000324 seconds.
  path: Assets/Game/Weapon.prefab
  artifactKey: Guid(39c0b4adab29874459830c1898e6bed6) Importer(815301076,1909f56bfc062723c751e8b465ee728b)
Start importing Assets/Game/Weapon.prefab using Guid(39c0b4adab29874459830c1898e6bed6) Importer(815301076,1909f56bfc062723c751e8b465ee728b)  -> (artifact id: '34a547340f57c9fcf764f8f15a308ce4') in 0.017271 seconds 
  Import took 0.025204 seconds .

========================================================================
Received Import Request.
  Time since last request: 0.007849 seconds.
  path: Assets/Game/Weapon.prefab
  artifactKey: Guid(39c0b4adab29874459830c1898e6bed6) Importer(815301076,1909f56bfc062723c751e8b465ee728b)
Start importing Assets/Game/Weapon.prefab using Guid(39c0b4adab29874459830c1898e6bed6) Importer(815301076,1909f56bfc062723c751e8b465ee728b)  -> (artifact id: '34a547340f57c9fcf764f8f15a308ce4') in 0.010200 seconds 
  Import took 0.018782 seconds .

========================================================================
Received Import Request.
  Time since last request: 48.064945 seconds.
  path: Assets/Game/Enemy.prefab
  artifactKey: Guid(8aaefe5e3f65c28448e7b18a36cb1509) Importer(815301076,1909f56bfc062723c751e8b465ee728b)
Start importing Assets/Game/Enemy.prefab using Guid(8aaefe5e3f65c28448e7b18a36cb1509) Importer(815301076,1909f56bfc062723c751e8b465ee728b)  -> (artifact id: 'a459dbc292c86c050acea83bab8eccfc') in 0.155998 seconds 
  Import took 0.163030 seconds .

========================================================================
Received Import Request.
  Time since last request: 7.274326 seconds.
  path: Assets/Game/Enemy.prefab
  artifactKey: Guid(8aaefe5e3f65c28448e7b18a36cb1509) Importer(815301076,1909f56bfc062723c751e8b465ee728b)
Start importing Assets/Game/Enemy.prefab using Guid(8aaefe5e3f65c28448e7b18a36cb1509) Importer(815301076,1909f56bfc062723c751e8b465ee728b)  -> (artifact id: 'babc9fc4d75a830bed1df5dec0a27468') in 0.033919 seconds 
  Import took 0.044313 seconds .

AssetImportWorkerClient::OnTransportError - code=2 error=End of file
