Using pre-set license
Built from '2020.3/release' branch; Version is '2020.3.12f1 (b3b2c6512326) revision 11776710'; Using compiler version '192528614'; Build Type 'Release'
OS: 'Windows 10 Home Single Language; OS build 19042.1110; Version 2009; 64bit' Language: 'es' Physical Memory: 6020 MB
BatchMode: 1, IsHumanControllingUs: 0, StartBugReporterOnCrash: 0, Is64bit: 1, IsPro: 0

 COMMAND LINE ARGUMENTS:
C:\Program Files\Unity\Hub\Editor\2020.3.12f1\Editor\Unity.exe
-adb2
-batchMode
-noUpm
-name
AssetImportWorker0
-projectPath
C:/Users/David/OneDrive/Documentos/Personal/Riqueza/Game Dev/Unity Projects/Roguelike-Prototype/Roguelike Prototype
-logFile
Logs/AssetImportWorker0.log
-srvPort
57124
Successfully changed project path to: C:/Users/David/OneDrive/Documentos/Personal/Riqueza/Game Dev/Unity Projects/Roguelike-Prototype/Roguelike Prototype
C:/Users/David/OneDrive/Documentos/Personal/Riqueza/Game Dev/Unity Projects/Roguelike-Prototype/Roguelike Prototype
Using Asset Import Pipeline V2.
Refreshing native plugins compatible for Editor in 80.64 ms, found 3 plugins.
Preloading 0 native plugins for Editor in 0.00 ms.
Initialize engine version: 2020.3.12f1 (b3b2c6512326)
[Subsystems] Discovering subsystems at path C:/Program Files/Unity/Hub/Editor/2020.3.12f1/Editor/Data/Resources/UnitySubsystems
[Subsystems] Discovering subsystems at path C:/Users/David/OneDrive/Documentos/Personal/Riqueza/Game Dev/Unity Projects/Roguelike-Prototype/Roguelike Prototype/Assets
GfxDevice: creating device client; threaded=0
Direct3D:
    Version:  Direct3D 11.0 [level 11.1]
    Renderer: AMD Radeon(TM) Vega 8 Graphics (ID=0x15d8)
    Vendor:   
    VRAM:     3010 MB
    Driver:   27.20.11028.10001
Initialize mono
Mono path[0] = 'C:/Program Files/Unity/Hub/Editor/2020.3.12f1/Editor/Data/Managed'
Mono path[1] = 'C:/Program Files/Unity/Hub/Editor/2020.3.12f1/Editor/Data/MonoBleedingEdge/lib/mono/unityjit'
Mono config path = 'C:/Program Files/Unity/Hub/Editor/2020.3.12f1/Editor/Data/MonoBleedingEdge/etc'
Using monoOptions --debugger-agent=transport=dt_socket,embedding=1,server=y,suspend=n,address=127.0.0.1:56112
Begin MonoManager ReloadAssembly
Registering precompiled unity dll's ...
Register platform support module: C:/Program Files/Unity/Hub/Editor/2020.3.12f1/Editor/Data/PlaybackEngines/WebGLSupport/UnityEditor.WebGL.Extensions.dll
Register platform support module: C:/Program Files/Unity/Hub/Editor/2020.3.12f1/Editor/Data/PlaybackEngines/WindowsStandaloneSupport/UnityEditor.WindowsStandalone.Extensions.dll
Registered in 0.004631 seconds.
Native extension for WindowsStandalone target not found
Native extension for WebGL target not found
Refreshing native plugins compatible for Editor in 98.92 ms, found 3 plugins.
Preloading 0 native plugins for Editor in 0.00 ms.
Mono: successfully reloaded assembly
- Completed reload, in  3.398 seconds
Platform modules already initialized, skipping
Registering precompiled user dll's ...
Registered in 0.013810 seconds.
Begin MonoManager ReloadAssembly
Native extension for WindowsStandalone target not found
Native extension for WebGL target not found
Refreshing native plugins compatible for Editor in 65.90 ms, found 3 plugins.
Preloading 0 native plugins for Editor in 0.00 ms.
Mono: successfully reloaded assembly
- Completed reload, in  1.763 seconds
Platform modules already initialized, skipping
========================================================================
Worker process is ready to serve import requests
Launched and connected shader compiler UnityShaderCompiler.exe after 0.08 seconds
Refreshing native plugins compatible for Editor in 0.85 ms, found 3 plugins.
Preloading 0 native plugins for Editor in 0.00 ms.
Unloading 2391 Unused Serialized files (Serialized files now loaded: 0)
System memory in use before: 106.8 MB.
System memory in use after: 106.9 MB.

Unloading 34 unused Assets to reduce memory usage. Loaded Objects now: 2827.
Total: 4.434700 ms (FindLiveObjects: 0.393600 ms CreateObjectMapping: 0.121400 ms MarkObjects: 3.707300 ms  DeleteObjects: 0.210300 ms)

AssetImportParameters requested are different than current active one (requested -> active):
  custom:framework-win-MediaFoundation: 216162199b28c13a410421893ffa2e32 -> 
  custom:video-decoder-ogg-theora: a1e56fd34408186e4bbccfd4996cb3dc -> 
  custom:container-muxer-webm: aa71ff27fc2769a1b78a27578f13a17b -> 
  custom:container-demuxer-webm: 4f35f7cbe854078d1ac9338744f61a02 -> 
  custom:container-demuxer-ogg: 62fdf1f143b41e24485cea50d1cbac27 -> 
  custom:video-encoder-webm-vp8: eb34c28f22e8b96e1ab97ce403110664 -> 
  custom:video-codec-MediaFoundation-h265: 746d11721c4dcdbdad8f713fa42b33f4 -> 
  custom:video-decoder-webm-vp8: 9c59270c3fd7afecdb556c50c9e8de78 -> 
  custom:audio-decoder-ogg-vorbis: bf7c407c2cedff20999df2af8eb42d56 -> 
  custom:audio-encoder-webm-vorbis: bf7c407c2cedff20999df2af8eb42d56 -> 
========================================================================
Received Import Request.
  path: Assets/Game/Shotgun.prefab
  artifactKey: Guid(2d96a53aa6a3bc04cbf6f87229fc889e) Importer(815301076,1909f56bfc062723c751e8b465ee728b)
Start importing Assets/Game/Shotgun.prefab using Guid(2d96a53aa6a3bc04cbf6f87229fc889e) Importer(815301076,1909f56bfc062723c751e8b465ee728b)  -> (artifact id: '583701adf72264ce5410c29dab158336') in 0.093979 seconds 
  Import took 0.100696 seconds .

========================================================================
Received Import Request.
  Time since last request: 0.000522 seconds.
  path: Assets/Game/Arc Pattern.prefab
  artifactKey: Guid(8273ba3b5a910524fa9ed3fcd686d88e) Importer(815301076,1909f56bfc062723c751e8b465ee728b)
Start importing Assets/Game/Arc Pattern.prefab using Guid(8273ba3b5a910524fa9ed3fcd686d88e) Importer(815301076,1909f56bfc062723c751e8b465ee728b)  -> (artifact id: '33139498b7d3a1d27ccd3739b51da28a') in 0.031762 seconds 
  Import took 0.040552 seconds .

========================================================================
Received Import Request.
  Time since last request: 0.000328 seconds.
  path: Assets/Game/Circle.prefab
  artifactKey: Guid(040ba2a2294c5ee4282900c372d03a28) Importer(815301076,1909f56bfc062723c751e8b465ee728b)
Start importing Assets/Game/Circle.prefab using Guid(040ba2a2294c5ee4282900c372d03a28) Importer(815301076,1909f56bfc062723c751e8b465ee728b)  -> (artifact id: 'cd0fab674cc731176dd1c2e0a72b316d') in 0.018890 seconds 
  Import took 0.025564 seconds .

========================================================================
Received Import Request.
  Time since last request: 0.000383 seconds.
  path: Assets/Game/Enemy.prefab
  artifactKey: Guid(8aaefe5e3f65c28448e7b18a36cb1509) Importer(815301076,1909f56bfc062723c751e8b465ee728b)
Start importing Assets/Game/Enemy.prefab using Guid(8aaefe5e3f65c28448e7b18a36cb1509) Importer(815301076,1909f56bfc062723c751e8b465ee728b)  -> (artifact id: '402e21581aaadbf075f9b58e706f94b5') in 0.136232 seconds 
  Import took 0.143473 seconds .

========================================================================
Received Import Request.
  Time since last request: 0.000300 seconds.
  path: Assets/Game/Enemy Shotgun.prefab
  artifactKey: Guid(f02e6372d754b6a46943ef470d47a753) Importer(815301076,1909f56bfc062723c751e8b465ee728b)
Start importing Assets/Game/Enemy Shotgun.prefab using Guid(f02e6372d754b6a46943ef470d47a753) Importer(815301076,1909f56bfc062723c751e8b465ee728b)  -> (artifact id: '0e7646cc07b7fa08de88c50be27796a3') in 0.018908 seconds 
  Import took 0.025928 seconds .

========================================================================
Received Import Request.
  Time since last request: 0.000477 seconds.
  path: Assets/Game/Line Pattern.prefab
  artifactKey: Guid(167e3f9368699634093112b322831314) Importer(815301076,1909f56bfc062723c751e8b465ee728b)
Start importing Assets/Game/Line Pattern.prefab using Guid(167e3f9368699634093112b322831314) Importer(815301076,1909f56bfc062723c751e8b465ee728b)  -> (artifact id: '715b5ed312ef5b3695fbc1c13e494ac6') in 0.018889 seconds 
  Import took 0.027141 seconds .

========================================================================
Received Import Request.
  Time since last request: 0.000424 seconds.
  path: Assets/Game/Enemy Shotgun 1.prefab
  artifactKey: Guid(b28007591ee887b49a3c315463a5c831) Importer(815301076,1909f56bfc062723c751e8b465ee728b)
Start importing Assets/Game/Enemy Shotgun 1.prefab using Guid(b28007591ee887b49a3c315463a5c831) Importer(815301076,1909f56bfc062723c751e8b465ee728b)  -> (artifact id: '4a1984b69b9bc53fcec0a46b60bb714a') in 0.019330 seconds 
  Import took 0.028442 seconds .

========================================================================
Received Import Request.
  Time since last request: 0.000291 seconds.
  path: Assets/Game/Player.prefab
  artifactKey: Guid(43a6e6be6f9d77c4ea08ddc3ce04cdf3) Importer(815301076,1909f56bfc062723c751e8b465ee728b)
Start importing Assets/Game/Player.prefab using Guid(43a6e6be6f9d77c4ea08ddc3ce04cdf3) Importer(815301076,1909f56bfc062723c751e8b465ee728b)  -> (artifact id: '38bcc0c1983a115982b0491356c8899d') in 0.033313 seconds 
  Import took 0.040787 seconds .

========================================================================
Received Import Request.
  Time since last request: 0.000328 seconds.
  path: Assets/Game/Enemy Pistol.prefab
  artifactKey: Guid(752df14283de8284fb490d9d77b18948) Importer(815301076,1909f56bfc062723c751e8b465ee728b)
Start importing Assets/Game/Enemy Pistol.prefab using Guid(752df14283de8284fb490d9d77b18948) Importer(815301076,1909f56bfc062723c751e8b465ee728b)  -> (artifact id: '77ed277a978f9639645bf525961602aa') in 0.015952 seconds 
  Import took 0.022808 seconds .

========================================================================
Received Import Request.
  Time since last request: 0.000323 seconds.
  path: Assets/Game/Pistol.prefab
  artifactKey: Guid(024f011a88b922341bcd2265c042807c) Importer(815301076,1909f56bfc062723c751e8b465ee728b)
Start importing Assets/Game/Pistol.prefab using Guid(024f011a88b922341bcd2265c042807c) Importer(815301076,1909f56bfc062723c751e8b465ee728b)  -> (artifact id: 'd5dabf17ccc2f77a1070a9d3363dabee') in 0.016928 seconds 
  Import took 0.024125 seconds .

========================================================================
Received Import Request.
  Time since last request: 0.000415 seconds.
  path: Assets/Game/Character.prefab
  artifactKey: Guid(2a8bb526239a8654a858e3aebf7c2f2b) Importer(815301076,1909f56bfc062723c751e8b465ee728b)
Start importing Assets/Game/Character.prefab using Guid(2a8bb526239a8654a858e3aebf7c2f2b) Importer(815301076,1909f56bfc062723c751e8b465ee728b)  -> (artifact id: '23797c9849f4a99375026ea29df4dad7') in 0.016033 seconds 
  Import took 0.023235 seconds .

========================================================================
Received Import Request.
  Time since last request: 0.000336 seconds.
  path: Assets/Game/Enemy 2.prefab
  artifactKey: Guid(1c534b3babff53d41900dfea4c9c578f) Importer(815301076,1909f56bfc062723c751e8b465ee728b)
Start importing Assets/Game/Enemy 2.prefab using Guid(1c534b3babff53d41900dfea4c9c578f) Importer(815301076,1909f56bfc062723c751e8b465ee728b)  -> (artifact id: '900d5e5114cc0a987ba76c6e8effd685') in 0.028001 seconds 
  Import took 0.035511 seconds .

========================================================================
Received Import Request.
  Time since last request: 0.000306 seconds.
  path: Assets/Game/Weapon.prefab
  artifactKey: Guid(39c0b4adab29874459830c1898e6bed6) Importer(815301076,1909f56bfc062723c751e8b465ee728b)
Start importing Assets/Game/Weapon.prefab using Guid(39c0b4adab29874459830c1898e6bed6) Importer(815301076,1909f56bfc062723c751e8b465ee728b)  -> (artifact id: '33a66a463a544e4b04e85b0ac35f8eb4') in 0.015788 seconds 
  Import took 0.023169 seconds .

========================================================================
Received Import Request.
  Time since last request: 0.018485 seconds.
  path: Assets/Game/Weapon.prefab
  artifactKey: Guid(39c0b4adab29874459830c1898e6bed6) Importer(815301076,1909f56bfc062723c751e8b465ee728b)
Start importing Assets/Game/Weapon.prefab using Guid(39c0b4adab29874459830c1898e6bed6) Importer(815301076,1909f56bfc062723c751e8b465ee728b)  -> (artifact id: '33a66a463a544e4b04e85b0ac35f8eb4') in 0.010390 seconds 
  Import took 0.016977 seconds .

========================================================================
Received Import Request.
  Time since last request: 27.457804 seconds.
  path: Assets/Game/Shotgun.cs
  artifactKey: Guid(36bb964e4413423429b0b38fad24df46) Importer(815301076,1909f56bfc062723c751e8b465ee728b)
Start importing Assets/Game/Shotgun.cs using Guid(36bb964e4413423429b0b38fad24df46) Importer(815301076,1909f56bfc062723c751e8b465ee728b)  -> (artifact id: 'fc15beb7b24b0836c45c6afb04c03664') in 0.026708 seconds 
  Import took 0.034472 seconds .

========================================================================
Received Prepare
Registering precompiled user dll's ...
Registered in 0.013985 seconds.
Begin MonoManager ReloadAssembly
Native extension for WindowsStandalone target not found
Native extension for WebGL target not found
Refreshing native plugins compatible for Editor in 0.64 ms, found 3 plugins.
Preloading 0 native plugins for Editor in 0.00 ms.
Mono: successfully reloaded assembly
- Completed reload, in  1.541 seconds
Platform modules already initialized, skipping
Refreshing native plugins compatible for Editor in 0.97 ms, found 3 plugins.
Preloading 0 native plugins for Editor in 0.00 ms.
Unloading 2365 Unused Serialized files (Serialized files now loaded: 0)
System memory in use before: 107.9 MB.
System memory in use after: 108.0 MB.

Unloading 23 unused Assets to reduce memory usage. Loaded Objects now: 2837.
Total: 4.546900 ms (FindLiveObjects: 0.415800 ms CreateObjectMapping: 0.150200 ms MarkObjects: 3.828400 ms  DeleteObjects: 0.150100 ms)

AssetImportParameters requested are different than current active one (requested -> active):
  custom:framework-win-MediaFoundation: 216162199b28c13a410421893ffa2e32 -> 
  custom:video-decoder-ogg-theora: a1e56fd34408186e4bbccfd4996cb3dc -> 
  custom:container-muxer-webm: aa71ff27fc2769a1b78a27578f13a17b -> 
  custom:container-demuxer-webm: 4f35f7cbe854078d1ac9338744f61a02 -> 
  custom:container-demuxer-ogg: 62fdf1f143b41e24485cea50d1cbac27 -> 
  custom:video-encoder-webm-vp8: eb34c28f22e8b96e1ab97ce403110664 -> 
  custom:video-codec-MediaFoundation-h265: 746d11721c4dcdbdad8f713fa42b33f4 -> 
  custom:video-decoder-webm-vp8: 9c59270c3fd7afecdb556c50c9e8de78 -> 
  custom:audio-decoder-ogg-vorbis: bf7c407c2cedff20999df2af8eb42d56 -> 
  custom:audio-encoder-webm-vorbis: bf7c407c2cedff20999df2af8eb42d56 -> 
========================================================================
Received Import Request.
  Time since last request: 35.517669 seconds.
  path: Assets/Game/Circle.prefab
  artifactKey: Guid(040ba2a2294c5ee4282900c372d03a28) Importer(815301076,1909f56bfc062723c751e8b465ee728b)
Start importing Assets/Game/Circle.prefab using Guid(040ba2a2294c5ee4282900c372d03a28) Importer(815301076,1909f56bfc062723c751e8b465ee728b)  -> (artifact id: '4f8119df3df34566710333c59a3d590d') in 0.074600 seconds 
  Import took 0.082087 seconds .

========================================================================
Received Import Request.
  Time since last request: 0.000375 seconds.
  path: Assets/Game/Shotgun.prefab
  artifactKey: Guid(2d96a53aa6a3bc04cbf6f87229fc889e) Importer(815301076,1909f56bfc062723c751e8b465ee728b)
Start importing Assets/Game/Shotgun.prefab using Guid(2d96a53aa6a3bc04cbf6f87229fc889e) Importer(815301076,1909f56bfc062723c751e8b465ee728b)  -> (artifact id: '7d90c45fafce22e8f5dd855f6b960a84') in 0.011673 seconds 
  Import took 0.018130 seconds .

========================================================================
Received Import Request.
  Time since last request: 0.000308 seconds.
  path: Assets/Game/Enemy Shotgun.prefab
  artifactKey: Guid(f02e6372d754b6a46943ef470d47a753) Importer(815301076,1909f56bfc062723c751e8b465ee728b)
Start importing Assets/Game/Enemy Shotgun.prefab using Guid(f02e6372d754b6a46943ef470d47a753) Importer(815301076,1909f56bfc062723c751e8b465ee728b)  -> (artifact id: '957698a211af238cc0d1385660372b7b') in 0.020925 seconds 
  Import took 0.027706 seconds .

========================================================================
Received Import Request.
  Time since last request: 0.000257 seconds.
  path: Assets/Game/Enemy Shotgun 1.prefab
  artifactKey: Guid(b28007591ee887b49a3c315463a5c831) Importer(815301076,1909f56bfc062723c751e8b465ee728b)
Start importing Assets/Game/Enemy Shotgun 1.prefab using Guid(b28007591ee887b49a3c315463a5c831) Importer(815301076,1909f56bfc062723c751e8b465ee728b)  -> (artifact id: '766f79f1a05537f9ab948c673cb7b1df') in 0.012297 seconds 
  Import took 0.018047 seconds .

========================================================================
Received Import Request.
  Time since last request: 0.000303 seconds.
  path: Assets/Game/Enemy Pistol.prefab
  artifactKey: Guid(752df14283de8284fb490d9d77b18948) Importer(815301076,1909f56bfc062723c751e8b465ee728b)
Start importing Assets/Game/Enemy Pistol.prefab using Guid(752df14283de8284fb490d9d77b18948) Importer(815301076,1909f56bfc062723c751e8b465ee728b)  -> (artifact id: 'd5ea6f4f13d08924302e864213ddc947') in 0.018811 seconds 
  Import took 0.024845 seconds .

========================================================================
Received Import Request.
  Time since last request: 0.000509 seconds.
  path: Assets/Game/Pistol.prefab
  artifactKey: Guid(024f011a88b922341bcd2265c042807c) Importer(815301076,1909f56bfc062723c751e8b465ee728b)
Start importing Assets/Game/Pistol.prefab using Guid(024f011a88b922341bcd2265c042807c) Importer(815301076,1909f56bfc062723c751e8b465ee728b)  -> (artifact id: '5354c43fb54fd9257c7935e0a018ad0f') in 0.011816 seconds 
  Import took 0.019062 seconds .

========================================================================
Received Import Request.
  Time since last request: 0.000318 seconds.
  path: Assets/Game/Weapon.prefab
  artifactKey: Guid(39c0b4adab29874459830c1898e6bed6) Importer(815301076,1909f56bfc062723c751e8b465ee728b)
Start importing Assets/Game/Weapon.prefab using Guid(39c0b4adab29874459830c1898e6bed6) Importer(815301076,1909f56bfc062723c751e8b465ee728b)  -> (artifact id: '55d6529fcce1caa5c6286b0f51408498') in 0.012055 seconds 
  Import took 0.017993 seconds .

========================================================================
Received Import Request.
  Time since last request: 2.914859 seconds.
  path: Assets/Game/Circle.prefab
  artifactKey: Guid(040ba2a2294c5ee4282900c372d03a28) Importer(815301076,1909f56bfc062723c751e8b465ee728b)
Start importing Assets/Game/Circle.prefab using Guid(040ba2a2294c5ee4282900c372d03a28) Importer(815301076,1909f56bfc062723c751e8b465ee728b)  -> (artifact id: '2555e2b5fce516e971ca5dd3f6ac72ac') in 0.013669 seconds 
  Import took 0.037120 seconds .

========================================================================
Received Import Request.
  Time since last request: 0.000334 seconds.
  path: Assets/Game/Shotgun.prefab
  artifactKey: Guid(2d96a53aa6a3bc04cbf6f87229fc889e) Importer(815301076,1909f56bfc062723c751e8b465ee728b)
Start importing Assets/Game/Shotgun.prefab using Guid(2d96a53aa6a3bc04cbf6f87229fc889e) Importer(815301076,1909f56bfc062723c751e8b465ee728b)  -> (artifact id: '8f46d96c3d4bd8583a17cf2ee1475527') in 0.012974 seconds 
  Import took 0.020399 seconds .

========================================================================
Received Import Request.
  Time since last request: 0.000307 seconds.
  path: Assets/Game/Enemy Shotgun.prefab
  artifactKey: Guid(f02e6372d754b6a46943ef470d47a753) Importer(815301076,1909f56bfc062723c751e8b465ee728b)
Start importing Assets/Game/Enemy Shotgun.prefab using Guid(f02e6372d754b6a46943ef470d47a753) Importer(815301076,1909f56bfc062723c751e8b465ee728b)  -> (artifact id: '03e25f2715a06c4ff0de27c3c4c3e2d5') in 0.012343 seconds 
  Import took 0.019323 seconds .

========================================================================
Received Import Request.
  Time since last request: 0.000295 seconds.
  path: Assets/Game/Enemy Shotgun 1.prefab
  artifactKey: Guid(b28007591ee887b49a3c315463a5c831) Importer(815301076,1909f56bfc062723c751e8b465ee728b)
Start importing Assets/Game/Enemy Shotgun 1.prefab using Guid(b28007591ee887b49a3c315463a5c831) Importer(815301076,1909f56bfc062723c751e8b465ee728b)  -> (artifact id: 'ea9ec03c4b8b16b1539574db667ca012') in 0.012894 seconds 
  Import took 0.020292 seconds .

========================================================================
Received Import Request.
  Time since last request: 0.000292 seconds.
  path: Assets/Game/Enemy Pistol.prefab
  artifactKey: Guid(752df14283de8284fb490d9d77b18948) Importer(815301076,1909f56bfc062723c751e8b465ee728b)
Start importing Assets/Game/Enemy Pistol.prefab using Guid(752df14283de8284fb490d9d77b18948) Importer(815301076,1909f56bfc062723c751e8b465ee728b)  -> (artifact id: '3efcc2b070e579f675d6767e1297757b') in 0.012213 seconds 
  Import took 0.018245 seconds .

========================================================================
Received Import Request.
  Time since last request: 0.000305 seconds.
  path: Assets/Game/Pistol.prefab
  artifactKey: Guid(024f011a88b922341bcd2265c042807c) Importer(815301076,1909f56bfc062723c751e8b465ee728b)
Start importing Assets/Game/Pistol.prefab using Guid(024f011a88b922341bcd2265c042807c) Importer(815301076,1909f56bfc062723c751e8b465ee728b)  -> (artifact id: '74e23974b93da4232fe1bd75edefd651') in 0.012964 seconds 
  Import took 0.020101 seconds .

========================================================================
Received Import Request.
  Time since last request: 0.000326 seconds.
  path: Assets/Game/Weapon.prefab
  artifactKey: Guid(39c0b4adab29874459830c1898e6bed6) Importer(815301076,1909f56bfc062723c751e8b465ee728b)
Start importing Assets/Game/Weapon.prefab using Guid(39c0b4adab29874459830c1898e6bed6) Importer(815301076,1909f56bfc062723c751e8b465ee728b)  -> (artifact id: 'f33ad1965e5b849f96908f04bbb07d2c') in 0.011058 seconds 
  Import took 0.016720 seconds .

========================================================================
Received Import Request.
  Time since last request: 0.008329 seconds.
  path: Assets/Game/Weapon.prefab
  artifactKey: Guid(39c0b4adab29874459830c1898e6bed6) Importer(815301076,1909f56bfc062723c751e8b465ee728b)
Start importing Assets/Game/Weapon.prefab using Guid(39c0b4adab29874459830c1898e6bed6) Importer(815301076,1909f56bfc062723c751e8b465ee728b)  -> (artifact id: 'f33ad1965e5b849f96908f04bbb07d2c') in 0.012342 seconds 
  Import took 0.018983 seconds .

========================================================================
Received Prepare
Registering precompiled user dll's ...
Registered in 0.010628 seconds.
Begin MonoManager ReloadAssembly
Native extension for WindowsStandalone target not found
Native extension for WebGL target not found
Refreshing native plugins compatible for Editor in 0.66 ms, found 3 plugins.
Preloading 0 native plugins for Editor in 0.00 ms.
Mono: successfully reloaded assembly
- Completed reload, in  1.573 seconds
Platform modules already initialized, skipping
Refreshing native plugins compatible for Editor in 0.84 ms, found 3 plugins.
Preloading 0 native plugins for Editor in 0.00 ms.
Unloading 2365 Unused Serialized files (Serialized files now loaded: 0)
System memory in use before: 108.0 MB.
System memory in use after: 108.1 MB.

Unloading 22 unused Assets to reduce memory usage. Loaded Objects now: 2841.
Total: 4.535900 ms (FindLiveObjects: 0.393400 ms CreateObjectMapping: 0.125500 ms MarkObjects: 3.861500 ms  DeleteObjects: 0.153700 ms)

AssetImportParameters requested are different than current active one (requested -> active):
  custom:framework-win-MediaFoundation: 216162199b28c13a410421893ffa2e32 -> 
  custom:video-decoder-ogg-theora: a1e56fd34408186e4bbccfd4996cb3dc -> 
  custom:container-muxer-webm: aa71ff27fc2769a1b78a27578f13a17b -> 
  custom:container-demuxer-webm: 4f35f7cbe854078d1ac9338744f61a02 -> 
  custom:container-demuxer-ogg: 62fdf1f143b41e24485cea50d1cbac27 -> 
  custom:video-encoder-webm-vp8: eb34c28f22e8b96e1ab97ce403110664 -> 
  custom:video-codec-MediaFoundation-h265: 746d11721c4dcdbdad8f713fa42b33f4 -> 
  custom:video-decoder-webm-vp8: 9c59270c3fd7afecdb556c50c9e8de78 -> 
  custom:audio-decoder-ogg-vorbis: bf7c407c2cedff20999df2af8eb42d56 -> 
  custom:audio-encoder-webm-vorbis: bf7c407c2cedff20999df2af8eb42d56 -> 
========================================================================
Received Import Request.
  Time since last request: 50.102513 seconds.
  path: Assets/Game/Shotgun.prefab
  artifactKey: Guid(2d96a53aa6a3bc04cbf6f87229fc889e) Importer(815301076,1909f56bfc062723c751e8b465ee728b)
Start importing Assets/Game/Shotgun.prefab using Guid(2d96a53aa6a3bc04cbf6f87229fc889e) Importer(815301076,1909f56bfc062723c751e8b465ee728b)  -> (artifact id: '15a5820ec674ab40c4027469a610eee6') in 0.041939 seconds 
  Import took 0.057370 seconds .

========================================================================
Received Import Request.
  Time since last request: 0.000415 seconds.
  path: Assets/Game/Circle.prefab
  artifactKey: Guid(040ba2a2294c5ee4282900c372d03a28) Importer(815301076,1909f56bfc062723c751e8b465ee728b)
Start importing Assets/Game/Circle.prefab using Guid(040ba2a2294c5ee4282900c372d03a28) Importer(815301076,1909f56bfc062723c751e8b465ee728b)  -> (artifact id: '21579ca6ee4ddf1aea967eecc35f138e') in 0.011505 seconds 
  Import took 0.018496 seconds .

========================================================================
Received Import Request.
  Time since last request: 0.000342 seconds.
  path: Assets/Game/Enemy Shotgun.prefab
  artifactKey: Guid(f02e6372d754b6a46943ef470d47a753) Importer(815301076,1909f56bfc062723c751e8b465ee728b)
Start importing Assets/Game/Enemy Shotgun.prefab using Guid(f02e6372d754b6a46943ef470d47a753) Importer(815301076,1909f56bfc062723c751e8b465ee728b)  -> (artifact id: '3260b33119f8cfcff8aa7249e200c71c') in 0.011323 seconds 
  Import took 0.018327 seconds .

========================================================================
Received Import Request.
  Time since last request: 0.000310 seconds.
  path: Assets/Game/Enemy Shotgun 1.prefab
  artifactKey: Guid(b28007591ee887b49a3c315463a5c831) Importer(815301076,1909f56bfc062723c751e8b465ee728b)
Start importing Assets/Game/Enemy Shotgun 1.prefab using Guid(b28007591ee887b49a3c315463a5c831) Importer(815301076,1909f56bfc062723c751e8b465ee728b)  -> (artifact id: '00b9ff165d3887a44ff23ab302a880c8') in 0.012837 seconds 
  Import took 0.021299 seconds .

========================================================================
Received Import Request.
  Time since last request: 0.000313 seconds.
  path: Assets/Game/Enemy Pistol.prefab
  artifactKey: Guid(752df14283de8284fb490d9d77b18948) Importer(815301076,1909f56bfc062723c751e8b465ee728b)
Start importing Assets/Game/Enemy Pistol.prefab using Guid(752df14283de8284fb490d9d77b18948) Importer(815301076,1909f56bfc062723c751e8b465ee728b)  -> (artifact id: '2bca46905bc7aa05634574175215148f') in 0.012571 seconds 
  Import took 0.020738 seconds .

========================================================================
Received Import Request.
  Time since last request: 0.000334 seconds.
  path: Assets/Game/Pistol.prefab
  artifactKey: Guid(024f011a88b922341bcd2265c042807c) Importer(815301076,1909f56bfc062723c751e8b465ee728b)
Start importing Assets/Game/Pistol.prefab using Guid(024f011a88b922341bcd2265c042807c) Importer(815301076,1909f56bfc062723c751e8b465ee728b)  -> (artifact id: 'bf906d7906582e2ed173f021f57d7213') in 0.011336 seconds 
  Import took 0.018609 seconds .

========================================================================
Received Import Request.
  Time since last request: 0.000371 seconds.
  path: Assets/Game/Weapon.prefab
  artifactKey: Guid(39c0b4adab29874459830c1898e6bed6) Importer(815301076,1909f56bfc062723c751e8b465ee728b)
Start importing Assets/Game/Weapon.prefab using Guid(39c0b4adab29874459830c1898e6bed6) Importer(815301076,1909f56bfc062723c751e8b465ee728b)  -> (artifact id: 'ca6d86f3d222871d6f5762d36a102284') in 0.012055 seconds 
  Import took 0.019069 seconds .

========================================================================
Received Import Request.
  Time since last request: 43.092391 seconds.
  path: Assets/Game/Pistol.prefab
  artifactKey: Guid(024f011a88b922341bcd2265c042807c) Importer(815301076,1909f56bfc062723c751e8b465ee728b)
Start importing Assets/Game/Pistol.prefab using Guid(024f011a88b922341bcd2265c042807c) Importer(815301076,1909f56bfc062723c751e8b465ee728b)  -> (artifact id: '0ab75df3e009f3da42f8ad7508cc304c') in 0.019081 seconds 
  Import took 0.025098 seconds .

========================================================================
Received Import Request.
  Time since last request: 5.893234 seconds.
  path: Assets/Game/Pistol.prefab
  artifactKey: Guid(024f011a88b922341bcd2265c042807c) Importer(815301076,1909f56bfc062723c751e8b465ee728b)
Start importing Assets/Game/Pistol.prefab using Guid(024f011a88b922341bcd2265c042807c) Importer(815301076,1909f56bfc062723c751e8b465ee728b)  -> (artifact id: '590bb10fce1ed37fe9f33f6f32bc795b') in 0.012770 seconds 
  Import took 0.018806 seconds .

========================================================================
Received Import Request.
  Time since last request: 11.175764 seconds.
  path: Assets/Game/Pistol.prefab
  artifactKey: Guid(024f011a88b922341bcd2265c042807c) Importer(815301076,1909f56bfc062723c751e8b465ee728b)
Start importing Assets/Game/Pistol.prefab using Guid(024f011a88b922341bcd2265c042807c) Importer(815301076,1909f56bfc062723c751e8b465ee728b)  -> (artifact id: '50a6833466e476a006bc7847e251a094') in 0.011355 seconds 
  Import took 0.018355 seconds .

========================================================================
Received Import Request.
  Time since last request: 5.611023 seconds.
  path: Assets/Game/Pistol.prefab
  artifactKey: Guid(024f011a88b922341bcd2265c042807c) Importer(815301076,1909f56bfc062723c751e8b465ee728b)
Start importing Assets/Game/Pistol.prefab using Guid(024f011a88b922341bcd2265c042807c) Importer(815301076,1909f56bfc062723c751e8b465ee728b)  -> (artifact id: '8d4503f38b78033df80434d29224fe28') in 0.020525 seconds 
  Import took 0.028479 seconds .

========================================================================
Received Import Request.
  Time since last request: 3.957087 seconds.
  path: Assets/Game/Pistol.prefab
  artifactKey: Guid(024f011a88b922341bcd2265c042807c) Importer(815301076,1909f56bfc062723c751e8b465ee728b)
Start importing Assets/Game/Pistol.prefab using Guid(024f011a88b922341bcd2265c042807c) Importer(815301076,1909f56bfc062723c751e8b465ee728b)  -> (artifact id: '8e0a6013c652fb09b9f063a5e5721c78') in 0.014075 seconds 
  Import took 0.021058 seconds .

========================================================================
Received Prepare
Registering precompiled user dll's ...
Registered in 0.018188 seconds.
Begin MonoManager ReloadAssembly
Native extension for WindowsStandalone target not found
Native extension for WebGL target not found
Refreshing native plugins compatible for Editor in 0.61 ms, found 3 plugins.
Preloading 0 native plugins for Editor in 0.00 ms.
Mono: successfully reloaded assembly
- Completed reload, in  1.601 seconds
Platform modules already initialized, skipping
Refreshing native plugins compatible for Editor in 0.66 ms, found 3 plugins.
Preloading 0 native plugins for Editor in 0.00 ms.
Unloading 2365 Unused Serialized files (Serialized files now loaded: 0)
System memory in use before: 108.0 MB.
System memory in use after: 108.1 MB.

Unloading 22 unused Assets to reduce memory usage. Loaded Objects now: 2845.
Total: 4.462400 ms (FindLiveObjects: 0.389500 ms CreateObjectMapping: 0.121900 ms MarkObjects: 3.787300 ms  DeleteObjects: 0.161200 ms)

AssetImportParameters requested are different than current active one (requested -> active):
  custom:framework-win-MediaFoundation: 216162199b28c13a410421893ffa2e32 -> 
  custom:video-decoder-ogg-theora: a1e56fd34408186e4bbccfd4996cb3dc -> 
  custom:container-muxer-webm: aa71ff27fc2769a1b78a27578f13a17b -> 
  custom:container-demuxer-webm: 4f35f7cbe854078d1ac9338744f61a02 -> 
  custom:container-demuxer-ogg: 62fdf1f143b41e24485cea50d1cbac27 -> 
  custom:video-encoder-webm-vp8: eb34c28f22e8b96e1ab97ce403110664 -> 
  custom:video-codec-MediaFoundation-h265: 746d11721c4dcdbdad8f713fa42b33f4 -> 
  custom:video-decoder-webm-vp8: 9c59270c3fd7afecdb556c50c9e8de78 -> 
  custom:audio-decoder-ogg-vorbis: bf7c407c2cedff20999df2af8eb42d56 -> 
  custom:audio-encoder-webm-vorbis: bf7c407c2cedff20999df2af8eb42d56 -> 
========================================================================
Received Prepare
Registering precompiled user dll's ...
Registered in 0.010039 seconds.
Begin MonoManager ReloadAssembly
Native extension for WindowsStandalone target not found
Native extension for WebGL target not found
Refreshing native plugins compatible for Editor in 0.64 ms, found 3 plugins.
Preloading 0 native plugins for Editor in 0.00 ms.
Mono: successfully reloaded assembly
- Completed reload, in  1.551 seconds
Platform modules already initialized, skipping
Refreshing native plugins compatible for Editor in 0.70 ms, found 3 plugins.
Preloading 0 native plugins for Editor in 0.00 ms.
Unloading 2365 Unused Serialized files (Serialized files now loaded: 0)
System memory in use before: 108.0 MB.
System memory in use after: 108.1 MB.

Unloading 22 unused Assets to reduce memory usage. Loaded Objects now: 2849.
Total: 3.583700 ms (FindLiveObjects: 0.408900 ms CreateObjectMapping: 0.135800 ms MarkObjects: 2.886600 ms  DeleteObjects: 0.149800 ms)

AssetImportParameters requested are different than current active one (requested -> active):
  custom:framework-win-MediaFoundation: 216162199b28c13a410421893ffa2e32 -> 
  custom:video-decoder-ogg-theora: a1e56fd34408186e4bbccfd4996cb3dc -> 
  custom:container-muxer-webm: aa71ff27fc2769a1b78a27578f13a17b -> 
  custom:container-demuxer-webm: 4f35f7cbe854078d1ac9338744f61a02 -> 
  custom:container-demuxer-ogg: 62fdf1f143b41e24485cea50d1cbac27 -> 
  custom:video-encoder-webm-vp8: eb34c28f22e8b96e1ab97ce403110664 -> 
  custom:video-codec-MediaFoundation-h265: 746d11721c4dcdbdad8f713fa42b33f4 -> 
  custom:video-decoder-webm-vp8: 9c59270c3fd7afecdb556c50c9e8de78 -> 
  custom:audio-decoder-ogg-vorbis: bf7c407c2cedff20999df2af8eb42d56 -> 
  custom:audio-encoder-webm-vorbis: bf7c407c2cedff20999df2af8eb42d56 -> 
========================================================================
Received Prepare
Registering precompiled user dll's ...
Registered in 0.009869 seconds.
Begin MonoManager ReloadAssembly
Native extension for WindowsStandalone target not found
Native extension for WebGL target not found
Refreshing native plugins compatible for Editor in 0.72 ms, found 3 plugins.
Preloading 0 native plugins for Editor in 0.00 ms.
Mono: successfully reloaded assembly
- Completed reload, in  1.571 seconds
Platform modules already initialized, skipping
Refreshing native plugins compatible for Editor in 0.86 ms, found 3 plugins.
Preloading 0 native plugins for Editor in 0.00 ms.
Unloading 2365 Unused Serialized files (Serialized files now loaded: 0)
System memory in use before: 108.0 MB.
System memory in use after: 108.1 MB.

Unloading 22 unused Assets to reduce memory usage. Loaded Objects now: 2853.
Total: 3.737100 ms (FindLiveObjects: 0.407100 ms CreateObjectMapping: 0.138800 ms MarkObjects: 3.035800 ms  DeleteObjects: 0.153300 ms)

AssetImportParameters requested are different than current active one (requested -> active):
  custom:framework-win-MediaFoundation: 216162199b28c13a410421893ffa2e32 -> 
  custom:video-decoder-ogg-theora: a1e56fd34408186e4bbccfd4996cb3dc -> 
  custom:container-muxer-webm: aa71ff27fc2769a1b78a27578f13a17b -> 
  custom:container-demuxer-webm: 4f35f7cbe854078d1ac9338744f61a02 -> 
  custom:container-demuxer-ogg: 62fdf1f143b41e24485cea50d1cbac27 -> 
  custom:video-encoder-webm-vp8: eb34c28f22e8b96e1ab97ce403110664 -> 
  custom:video-codec-MediaFoundation-h265: 746d11721c4dcdbdad8f713fa42b33f4 -> 
  custom:video-decoder-webm-vp8: 9c59270c3fd7afecdb556c50c9e8de78 -> 
  custom:audio-decoder-ogg-vorbis: bf7c407c2cedff20999df2af8eb42d56 -> 
  custom:audio-encoder-webm-vorbis: bf7c407c2cedff20999df2af8eb42d56 -> 
========================================================================
Received Prepare
Registering precompiled user dll's ...
Registered in 0.010081 seconds.
Begin MonoManager ReloadAssembly
Native extension for WindowsStandalone target not found
Native extension for WebGL target not found
Refreshing native plugins compatible for Editor in 0.63 ms, found 3 plugins.
Preloading 0 native plugins for Editor in 0.00 ms.
Mono: successfully reloaded assembly
- Completed reload, in  1.577 seconds
Platform modules already initialized, skipping
Refreshing native plugins compatible for Editor in 0.83 ms, found 3 plugins.
Preloading 0 native plugins for Editor in 0.00 ms.
Unloading 2365 Unused Serialized files (Serialized files now loaded: 0)
System memory in use before: 108.1 MB.
System memory in use after: 108.2 MB.

Unloading 22 unused Assets to reduce memory usage. Loaded Objects now: 2857.
Total: 6.907300 ms (FindLiveObjects: 0.585200 ms CreateObjectMapping: 0.333100 ms MarkObjects: 5.741000 ms  DeleteObjects: 0.245800 ms)

AssetImportParameters requested are different than current active one (requested -> active):
  custom:framework-win-MediaFoundation: 216162199b28c13a410421893ffa2e32 -> 
  custom:video-decoder-ogg-theora: a1e56fd34408186e4bbccfd4996cb3dc -> 
  custom:container-muxer-webm: aa71ff27fc2769a1b78a27578f13a17b -> 
  custom:container-demuxer-webm: 4f35f7cbe854078d1ac9338744f61a02 -> 
  custom:container-demuxer-ogg: 62fdf1f143b41e24485cea50d1cbac27 -> 
  custom:video-encoder-webm-vp8: eb34c28f22e8b96e1ab97ce403110664 -> 
  custom:video-codec-MediaFoundation-h265: 746d11721c4dcdbdad8f713fa42b33f4 -> 
  custom:video-decoder-webm-vp8: 9c59270c3fd7afecdb556c50c9e8de78 -> 
  custom:audio-decoder-ogg-vorbis: bf7c407c2cedff20999df2af8eb42d56 -> 
  custom:audio-encoder-webm-vorbis: bf7c407c2cedff20999df2af8eb42d56 -> 
========================================================================
Received Import Request.
  Time since last request: 233.373204 seconds.
  path: ProjectSettings/TagManager.asset
  artifactKey: Guid(00000000000000003000000000000000) Importer(815301076,1909f56bfc062723c751e8b465ee728b)
Start importing ProjectSettings/TagManager.asset using Guid(00000000000000003000000000000000) Importer(815301076,1909f56bfc062723c751e8b465ee728b)  -> (artifact id: 'b19018c7850b06e62c2876d765b0e1e6') in 0.035167 seconds 
  Import took 0.043222 seconds .

========================================================================
Received Import Request.
  Time since last request: 108.321504 seconds.
  path: Assets/Game/Enemy.prefab
  artifactKey: Guid(8aaefe5e3f65c28448e7b18a36cb1509) Importer(815301076,1909f56bfc062723c751e8b465ee728b)
Start importing Assets/Game/Enemy.prefab using Guid(8aaefe5e3f65c28448e7b18a36cb1509) Importer(815301076,1909f56bfc062723c751e8b465ee728b)  -> (artifact id: 'ff7982b684edd5e13bd565ba19cf8e4c') in 0.093482 seconds 
  Import took 0.100245 seconds .

========================================================================
Received Import Request.
  Time since last request: 6.617266 seconds.
  path: Assets/Game/Character.prefab
  artifactKey: Guid(2a8bb526239a8654a858e3aebf7c2f2b) Importer(815301076,1909f56bfc062723c751e8b465ee728b)
Start importing Assets/Game/Character.prefab using Guid(2a8bb526239a8654a858e3aebf7c2f2b) Importer(815301076,1909f56bfc062723c751e8b465ee728b)  -> (artifact id: '443491cfdf612a401f6c59bf306b0cf1') in 0.015968 seconds 
  Import took 0.023489 seconds .

========================================================================
Received Import Request.
  Time since last request: 0.000331 seconds.
  path: Assets/Game/Enemy.prefab
  artifactKey: Guid(8aaefe5e3f65c28448e7b18a36cb1509) Importer(815301076,1909f56bfc062723c751e8b465ee728b)
Start importing Assets/Game/Enemy.prefab using Guid(8aaefe5e3f65c28448e7b18a36cb1509) Importer(815301076,1909f56bfc062723c751e8b465ee728b)  -> (artifact id: 'c934ff0d35cd70d0589d2a4407bb5f5c') in 0.020419 seconds 
  Import took 0.028670 seconds .

========================================================================
Received Import Request.
  Time since last request: 0.000344 seconds.
  path: Assets/Game/Player.prefab
  artifactKey: Guid(43a6e6be6f9d77c4ea08ddc3ce04cdf3) Importer(815301076,1909f56bfc062723c751e8b465ee728b)
Start importing Assets/Game/Player.prefab using Guid(43a6e6be6f9d77c4ea08ddc3ce04cdf3) Importer(815301076,1909f56bfc062723c751e8b465ee728b)  -> (artifact id: 'b8479e48b92cb16dab96ef66bc1e7d50') in 0.030489 seconds 
  Import took 0.038153 seconds .

========================================================================
Received Import Request.
  Time since last request: 0.000336 seconds.
  path: Assets/Game/Enemy 2.prefab
  artifactKey: Guid(1c534b3babff53d41900dfea4c9c578f) Importer(815301076,1909f56bfc062723c751e8b465ee728b)
Start importing Assets/Game/Enemy 2.prefab using Guid(1c534b3babff53d41900dfea4c9c578f) Importer(815301076,1909f56bfc062723c751e8b465ee728b)  -> (artifact id: 'caf21140008152266d1a75eb5e609c6c') in 0.026749 seconds 
  Import took 0.033715 seconds .

========================================================================
Received Import Request.
  Time since last request: 32.583565 seconds.
  path: ProjectSettings/TagManager.asset
  artifactKey: Guid(00000000000000003000000000000000) Importer(815301076,1909f56bfc062723c751e8b465ee728b)
Start importing ProjectSettings/TagManager.asset using Guid(00000000000000003000000000000000) Importer(815301076,1909f56bfc062723c751e8b465ee728b)  -> (artifact id: 'da36ae8dcc20621c0d8d88389d992607') in 0.008363 seconds 
  Import took 0.027494 seconds .

========================================================================
Received Import Request.
  Time since last request: 18.857747 seconds.
  path: Assets/Game/Player.prefab
  artifactKey: Guid(43a6e6be6f9d77c4ea08ddc3ce04cdf3) Importer(815301076,1909f56bfc062723c751e8b465ee728b)
Start importing Assets/Game/Player.prefab using Guid(43a6e6be6f9d77c4ea08ddc3ce04cdf3) Importer(815301076,1909f56bfc062723c751e8b465ee728b)  -> (artifact id: 'd07b53301e7010183d30935abfb30890') in 0.019062 seconds 
  Import took 0.026374 seconds .

========================================================================
Received Prepare
Registering precompiled user dll's ...
Registered in 0.010801 seconds.
Begin MonoManager ReloadAssembly
Native extension for WindowsStandalone target not found
Native extension for WebGL target not found
Refreshing native plugins compatible for Editor in 0.69 ms, found 3 plugins.
Preloading 0 native plugins for Editor in 0.00 ms.
Mono: successfully reloaded assembly
- Completed reload, in  1.574 seconds
Platform modules already initialized, skipping
Refreshing native plugins compatible for Editor in 0.76 ms, found 3 plugins.
Preloading 0 native plugins for Editor in 0.00 ms.
Unloading 2365 Unused Serialized files (Serialized files now loaded: 0)
System memory in use before: 108.1 MB.
System memory in use after: 108.2 MB.

Unloading 24 unused Assets to reduce memory usage. Loaded Objects now: 2862.
Total: 4.425400 ms (FindLiveObjects: 0.418400 ms CreateObjectMapping: 0.151400 ms MarkObjects: 3.677000 ms  DeleteObjects: 0.176400 ms)

AssetImportParameters requested are different than current active one (requested -> active):
  custom:framework-win-MediaFoundation: 216162199b28c13a410421893ffa2e32 -> 
  custom:video-decoder-ogg-theora: a1e56fd34408186e4bbccfd4996cb3dc -> 
  custom:container-muxer-webm: aa71ff27fc2769a1b78a27578f13a17b -> 
  custom:container-demuxer-webm: 4f35f7cbe854078d1ac9338744f61a02 -> 
  custom:container-demuxer-ogg: 62fdf1f143b41e24485cea50d1cbac27 -> 
  custom:video-encoder-webm-vp8: eb34c28f22e8b96e1ab97ce403110664 -> 
  custom:video-codec-MediaFoundation-h265: 746d11721c4dcdbdad8f713fa42b33f4 -> 
  custom:video-decoder-webm-vp8: 9c59270c3fd7afecdb556c50c9e8de78 -> 
  custom:audio-decoder-ogg-vorbis: bf7c407c2cedff20999df2af8eb42d56 -> 
  custom:audio-encoder-webm-vorbis: bf7c407c2cedff20999df2af8eb42d56 -> 
========================================================================
Received Prepare
Registering precompiled user dll's ...
Registered in 0.018847 seconds.
Begin MonoManager ReloadAssembly
Native extension for WindowsStandalone target not found
Native extension for WebGL target not found
Refreshing native plugins compatible for Editor in 1.08 ms, found 3 plugins.
Preloading 0 native plugins for Editor in 0.00 ms.
Mono: successfully reloaded assembly
- Completed reload, in  1.885 seconds
Platform modules already initialized, skipping
Refreshing native plugins compatible for Editor in 0.72 ms, found 3 plugins.
Preloading 0 native plugins for Editor in 0.00 ms.
Unloading 2365 Unused Serialized files (Serialized files now loaded: 0)
System memory in use before: 108.1 MB.
System memory in use after: 108.2 MB.

Unloading 22 unused Assets to reduce memory usage. Loaded Objects now: 2866.
Total: 3.970300 ms (FindLiveObjects: 0.451100 ms CreateObjectMapping: 0.137100 ms MarkObjects: 3.187400 ms  DeleteObjects: 0.192400 ms)

AssetImportParameters requested are different than current active one (requested -> active):
  custom:framework-win-MediaFoundation: 216162199b28c13a410421893ffa2e32 -> 
  custom:video-decoder-ogg-theora: a1e56fd34408186e4bbccfd4996cb3dc -> 
  custom:container-muxer-webm: aa71ff27fc2769a1b78a27578f13a17b -> 
  custom:container-demuxer-webm: 4f35f7cbe854078d1ac9338744f61a02 -> 
  custom:container-demuxer-ogg: 62fdf1f143b41e24485cea50d1cbac27 -> 
  custom:video-encoder-webm-vp8: eb34c28f22e8b96e1ab97ce403110664 -> 
  custom:video-codec-MediaFoundation-h265: 746d11721c4dcdbdad8f713fa42b33f4 -> 
  custom:video-decoder-webm-vp8: 9c59270c3fd7afecdb556c50c9e8de78 -> 
  custom:audio-decoder-ogg-vorbis: bf7c407c2cedff20999df2af8eb42d56 -> 
  custom:audio-encoder-webm-vorbis: bf7c407c2cedff20999df2af8eb42d56 -> 
========================================================================
Received Prepare
Registering precompiled user dll's ...
Registered in 0.012338 seconds.
Begin MonoManager ReloadAssembly
Native extension for WindowsStandalone target not found
Native extension for WebGL target not found
Refreshing native plugins compatible for Editor in 0.93 ms, found 3 plugins.
Preloading 0 native plugins for Editor in 0.00 ms.
Mono: successfully reloaded assembly
- Completed reload, in  1.793 seconds
Platform modules already initialized, skipping
Refreshing native plugins compatible for Editor in 0.84 ms, found 3 plugins.
Preloading 0 native plugins for Editor in 0.00 ms.
Unloading 2365 Unused Serialized files (Serialized files now loaded: 0)
System memory in use before: 108.1 MB.
System memory in use after: 108.2 MB.

Unloading 22 unused Assets to reduce memory usage. Loaded Objects now: 2870.
Total: 4.564300 ms (FindLiveObjects: 0.487800 ms CreateObjectMapping: 0.143700 ms MarkObjects: 3.748300 ms  DeleteObjects: 0.182400 ms)

AssetImportParameters requested are different than current active one (requested -> active):
  custom:framework-win-MediaFoundation: 216162199b28c13a410421893ffa2e32 -> 
  custom:video-decoder-ogg-theora: a1e56fd34408186e4bbccfd4996cb3dc -> 
  custom:container-muxer-webm: aa71ff27fc2769a1b78a27578f13a17b -> 
  custom:container-demuxer-webm: 4f35f7cbe854078d1ac9338744f61a02 -> 
  custom:container-demuxer-ogg: 62fdf1f143b41e24485cea50d1cbac27 -> 
  custom:video-encoder-webm-vp8: eb34c28f22e8b96e1ab97ce403110664 -> 
  custom:video-codec-MediaFoundation-h265: 746d11721c4dcdbdad8f713fa42b33f4 -> 
  custom:video-decoder-webm-vp8: 9c59270c3fd7afecdb556c50c9e8de78 -> 
  custom:audio-decoder-ogg-vorbis: bf7c407c2cedff20999df2af8eb42d56 -> 
  custom:audio-encoder-webm-vorbis: bf7c407c2cedff20999df2af8eb42d56 -> 
========================================================================
Received Import Request.
  Time since last request: 1095.246795 seconds.
  path: Assets/Game/Enemy.prefab
  artifactKey: Guid(8aaefe5e3f65c28448e7b18a36cb1509) Importer(815301076,1909f56bfc062723c751e8b465ee728b)
Start importing Assets/Game/Enemy.prefab using Guid(8aaefe5e3f65c28448e7b18a36cb1509) Importer(815301076,1909f56bfc062723c751e8b465ee728b)  -> (artifact id: '21bc28ceb6217d76ebf22ab553f6b5ca') in 0.130571 seconds 
  Import took 0.137651 seconds .

========================================================================
Received Prepare
Registering precompiled user dll's ...
Registered in 0.011298 seconds.
Begin MonoManager ReloadAssembly
Native extension for WindowsStandalone target not found
Native extension for WebGL target not found
Refreshing native plugins compatible for Editor in 0.65 ms, found 3 plugins.
Preloading 0 native plugins for Editor in 0.00 ms.
Mono: successfully reloaded assembly
- Completed reload, in  1.456 seconds
Platform modules already initialized, skipping
Refreshing native plugins compatible for Editor in 0.71 ms, found 3 plugins.
Preloading 0 native plugins for Editor in 0.00 ms.
Unloading 2365 Unused Serialized files (Serialized files now loaded: 0)
System memory in use before: 108.0 MB.
System memory in use after: 108.1 MB.

Unloading 22 unused Assets to reduce memory usage. Loaded Objects now: 2875.
Total: 4.435300 ms (FindLiveObjects: 0.392700 ms CreateObjectMapping: 0.119300 ms MarkObjects: 3.758300 ms  DeleteObjects: 0.162800 ms)

AssetImportParameters requested are different than current active one (requested -> active):
  custom:framework-win-MediaFoundation: 216162199b28c13a410421893ffa2e32 -> 
  custom:video-decoder-ogg-theora: a1e56fd34408186e4bbccfd4996cb3dc -> 
  custom:container-muxer-webm: aa71ff27fc2769a1b78a27578f13a17b -> 
  custom:container-demuxer-webm: 4f35f7cbe854078d1ac9338744f61a02 -> 
  custom:container-demuxer-ogg: 62fdf1f143b41e24485cea50d1cbac27 -> 
  custom:video-encoder-webm-vp8: eb34c28f22e8b96e1ab97ce403110664 -> 
  custom:video-codec-MediaFoundation-h265: 746d11721c4dcdbdad8f713fa42b33f4 -> 
  custom:video-decoder-webm-vp8: 9c59270c3fd7afecdb556c50c9e8de78 -> 
  custom:audio-decoder-ogg-vorbis: bf7c407c2cedff20999df2af8eb42d56 -> 
  custom:audio-encoder-webm-vorbis: bf7c407c2cedff20999df2af8eb42d56 -> 
========================================================================
Received Prepare
Registering precompiled user dll's ...
Registered in 0.036343 seconds.
Begin MonoManager ReloadAssembly
Native extension for WindowsStandalone target not found
Native extension for WebGL target not found
Refreshing native plugins compatible for Editor in 1.30 ms, found 3 plugins.
Preloading 0 native plugins for Editor in 0.00 ms.
Mono: successfully reloaded assembly
- Completed reload, in  2.336 seconds
Platform modules already initialized, skipping
Refreshing native plugins compatible for Editor in 0.73 ms, found 3 plugins.
Preloading 0 native plugins for Editor in 0.00 ms.
Unloading 2365 Unused Serialized files (Serialized files now loaded: 0)
System memory in use before: 108.1 MB.
System memory in use after: 108.2 MB.

Unloading 22 unused Assets to reduce memory usage. Loaded Objects now: 2879.
Total: 4.912900 ms (FindLiveObjects: 0.360900 ms CreateObjectMapping: 0.114900 ms MarkObjects: 4.243500 ms  DeleteObjects: 0.191000 ms)

AssetImportParameters requested are different than current active one (requested -> active):
  custom:framework-win-MediaFoundation: 216162199b28c13a410421893ffa2e32 -> 
  custom:video-decoder-ogg-theora: a1e56fd34408186e4bbccfd4996cb3dc -> 
  custom:container-muxer-webm: aa71ff27fc2769a1b78a27578f13a17b -> 
  custom:container-demuxer-webm: 4f35f7cbe854078d1ac9338744f61a02 -> 
  custom:container-demuxer-ogg: 62fdf1f143b41e24485cea50d1cbac27 -> 
  custom:video-encoder-webm-vp8: eb34c28f22e8b96e1ab97ce403110664 -> 
  custom:video-codec-MediaFoundation-h265: 746d11721c4dcdbdad8f713fa42b33f4 -> 
  custom:video-decoder-webm-vp8: 9c59270c3fd7afecdb556c50c9e8de78 -> 
  custom:audio-decoder-ogg-vorbis: bf7c407c2cedff20999df2af8eb42d56 -> 
  custom:audio-encoder-webm-vorbis: bf7c407c2cedff20999df2af8eb42d56 -> 
========================================================================
Received Import Request.
  Time since last request: 82.209684 seconds.
  path: Assets/Scripts/Combat/Bullet Patterns/Arc.cs
  artifactKey: Guid(69a86db28d54eea419d0b953efd35071) Importer(815301076,1909f56bfc062723c751e8b465ee728b)
Start importing Assets/Scripts/Combat/Bullet Patterns/Arc.cs using Guid(69a86db28d54eea419d0b953efd35071) Importer(815301076,1909f56bfc062723c751e8b465ee728b)  -> (artifact id: 'e708876a14c6e38030c7447846c31c4b') in 0.025911 seconds 
  Import took 0.035467 seconds .

========================================================================
Received Prepare
Registering precompiled user dll's ...
Registered in 0.014515 seconds.
Begin MonoManager ReloadAssembly
Native extension for WindowsStandalone target not found
Native extension for WebGL target not found
Refreshing native plugins compatible for Editor in 0.77 ms, found 3 plugins.
Preloading 0 native plugins for Editor in 0.00 ms.
Mono: successfully reloaded assembly
- Completed reload, in  1.578 seconds
Platform modules already initialized, skipping
Refreshing native plugins compatible for Editor in 0.71 ms, found 3 plugins.
Preloading 0 native plugins for Editor in 0.00 ms.
Unloading 2365 Unused Serialized files (Serialized files now loaded: 0)
System memory in use before: 108.1 MB.
System memory in use after: 108.2 MB.

Unloading 22 unused Assets to reduce memory usage. Loaded Objects now: 2883.
Total: 4.386300 ms (FindLiveObjects: 0.393500 ms CreateObjectMapping: 0.120800 ms MarkObjects: 3.693800 ms  DeleteObjects: 0.176100 ms)

AssetImportParameters requested are different than current active one (requested -> active):
  custom:framework-win-MediaFoundation: 216162199b28c13a410421893ffa2e32 -> 
  custom:video-decoder-ogg-theora: a1e56fd34408186e4bbccfd4996cb3dc -> 
  custom:container-muxer-webm: aa71ff27fc2769a1b78a27578f13a17b -> 
  custom:container-demuxer-webm: 4f35f7cbe854078d1ac9338744f61a02 -> 
  custom:container-demuxer-ogg: 62fdf1f143b41e24485cea50d1cbac27 -> 
  custom:video-encoder-webm-vp8: eb34c28f22e8b96e1ab97ce403110664 -> 
  custom:video-codec-MediaFoundation-h265: 746d11721c4dcdbdad8f713fa42b33f4 -> 
  custom:video-decoder-webm-vp8: 9c59270c3fd7afecdb556c50c9e8de78 -> 
  custom:audio-decoder-ogg-vorbis: bf7c407c2cedff20999df2af8eb42d56 -> 
  custom:audio-encoder-webm-vorbis: bf7c407c2cedff20999df2af8eb42d56 -> 
========================================================================
Received Prepare
Registering precompiled user dll's ...
Registered in 0.011140 seconds.
Begin MonoManager ReloadAssembly
Native extension for WindowsStandalone target not found
Native extension for WebGL target not found
Refreshing native plugins compatible for Editor in 0.82 ms, found 3 plugins.
Preloading 0 native plugins for Editor in 0.00 ms.
Mono: successfully reloaded assembly
- Completed reload, in  1.656 seconds
Platform modules already initialized, skipping
Refreshing native plugins compatible for Editor in 0.82 ms, found 3 plugins.
Preloading 0 native plugins for Editor in 0.00 ms.
Unloading 2365 Unused Serialized files (Serialized files now loaded: 0)
System memory in use before: 108.1 MB.
System memory in use after: 108.2 MB.

Unloading 22 unused Assets to reduce memory usage. Loaded Objects now: 2887.
Total: 5.066500 ms (FindLiveObjects: 0.472400 ms CreateObjectMapping: 0.150600 ms MarkObjects: 4.242100 ms  DeleteObjects: 0.198600 ms)

AssetImportParameters requested are different than current active one (requested -> active):
  custom:framework-win-MediaFoundation: 216162199b28c13a410421893ffa2e32 -> 
  custom:video-decoder-ogg-theora: a1e56fd34408186e4bbccfd4996cb3dc -> 
  custom:container-muxer-webm: aa71ff27fc2769a1b78a27578f13a17b -> 
  custom:container-demuxer-webm: 4f35f7cbe854078d1ac9338744f61a02 -> 
  custom:container-demuxer-ogg: 62fdf1f143b41e24485cea50d1cbac27 -> 
  custom:video-encoder-webm-vp8: eb34c28f22e8b96e1ab97ce403110664 -> 
  custom:video-codec-MediaFoundation-h265: 746d11721c4dcdbdad8f713fa42b33f4 -> 
  custom:video-decoder-webm-vp8: 9c59270c3fd7afecdb556c50c9e8de78 -> 
  custom:audio-decoder-ogg-vorbis: bf7c407c2cedff20999df2af8eb42d56 -> 
  custom:audio-encoder-webm-vorbis: bf7c407c2cedff20999df2af8eb42d56 -> 
========================================================================
Received Prepare
Registering precompiled user dll's ...
Registered in 0.014427 seconds.
Begin MonoManager ReloadAssembly
Native extension for WindowsStandalone target not found
Native extension for WebGL target not found
Refreshing native plugins compatible for Editor in 0.80 ms, found 3 plugins.
Preloading 0 native plugins for Editor in 0.00 ms.
Mono: successfully reloaded assembly
- Completed reload, in  1.688 seconds
Platform modules already initialized, skipping
Refreshing native plugins compatible for Editor in 0.77 ms, found 3 plugins.
Preloading 0 native plugins for Editor in 0.00 ms.
Unloading 2365 Unused Serialized files (Serialized files now loaded: 0)
System memory in use before: 108.1 MB.
System memory in use after: 108.3 MB.

Unloading 22 unused Assets to reduce memory usage. Loaded Objects now: 2891.
Total: 3.698500 ms (FindLiveObjects: 0.414600 ms CreateObjectMapping: 0.135400 ms MarkObjects: 2.999400 ms  DeleteObjects: 0.147000 ms)

AssetImportParameters requested are different than current active one (requested -> active):
  custom:framework-win-MediaFoundation: 216162199b28c13a410421893ffa2e32 -> 
  custom:video-decoder-ogg-theora: a1e56fd34408186e4bbccfd4996cb3dc -> 
  custom:container-muxer-webm: aa71ff27fc2769a1b78a27578f13a17b -> 
  custom:container-demuxer-webm: 4f35f7cbe854078d1ac9338744f61a02 -> 
  custom:container-demuxer-ogg: 62fdf1f143b41e24485cea50d1cbac27 -> 
  custom:video-encoder-webm-vp8: eb34c28f22e8b96e1ab97ce403110664 -> 
  custom:video-codec-MediaFoundation-h265: 746d11721c4dcdbdad8f713fa42b33f4 -> 
  custom:video-decoder-webm-vp8: 9c59270c3fd7afecdb556c50c9e8de78 -> 
  custom:audio-decoder-ogg-vorbis: bf7c407c2cedff20999df2af8eb42d56 -> 
  custom:audio-encoder-webm-vorbis: bf7c407c2cedff20999df2af8eb42d56 -> 
========================================================================
Received Prepare
Registering precompiled user dll's ...
Registered in 0.009940 seconds.
Begin MonoManager ReloadAssembly
Native extension for WindowsStandalone target not found
Native extension for WebGL target not found
Refreshing native plugins compatible for Editor in 0.94 ms, found 3 plugins.
Preloading 0 native plugins for Editor in 0.00 ms.
Mono: successfully reloaded assembly
- Completed reload, in  1.572 seconds
Platform modules already initialized, skipping
Refreshing native plugins compatible for Editor in 0.71 ms, found 3 plugins.
Preloading 0 native plugins for Editor in 0.00 ms.
Unloading 2365 Unused Serialized files (Serialized files now loaded: 0)
System memory in use before: 108.1 MB.
System memory in use after: 108.2 MB.

Unloading 22 unused Assets to reduce memory usage. Loaded Objects now: 2895.
Total: 3.412500 ms (FindLiveObjects: 0.362200 ms CreateObjectMapping: 0.099300 ms MarkObjects: 2.791000 ms  DeleteObjects: 0.157900 ms)

AssetImportParameters requested are different than current active one (requested -> active):
  custom:framework-win-MediaFoundation: 216162199b28c13a410421893ffa2e32 -> 
  custom:video-decoder-ogg-theora: a1e56fd34408186e4bbccfd4996cb3dc -> 
  custom:container-muxer-webm: aa71ff27fc2769a1b78a27578f13a17b -> 
  custom:container-demuxer-webm: 4f35f7cbe854078d1ac9338744f61a02 -> 
  custom:container-demuxer-ogg: 62fdf1f143b41e24485cea50d1cbac27 -> 
  custom:video-encoder-webm-vp8: eb34c28f22e8b96e1ab97ce403110664 -> 
  custom:video-codec-MediaFoundation-h265: 746d11721c4dcdbdad8f713fa42b33f4 -> 
  custom:video-decoder-webm-vp8: 9c59270c3fd7afecdb556c50c9e8de78 -> 
  custom:audio-decoder-ogg-vorbis: bf7c407c2cedff20999df2af8eb42d56 -> 
  custom:audio-encoder-webm-vorbis: bf7c407c2cedff20999df2af8eb42d56 -> 
AssetImportWorkerClient::OnTransportError - code=2 error=End of file
